Error:

Invalid `__TURBOPACK__imported__module__$5b$project$5d2f$src$2f$lib$2f$prisma$2e$ts__$5b$app$2d$rsc$5d$__$28$ecmascript$29$__["prisma"].product.update()` invocation in
C:\Dev\e-co.store\.next\dev\server\chunks\ssr\[root-of-the-server]__07ovk6a._.js:623:150

  620     data.customData = customData;
  621 }
  622 try {
→ 623     await __TURBOPACK__imported__module__$5b$project$5d2f$src$2f$lib$2f$prisma$2e$ts__$5b$app$2d$rsc$5d$__$28$ecmascript$29$__["prisma"].product.update({
            where: {
              internalArticleNumber: "136"
            },
            data: {
              title: "Benecos - Lipgloss Flamingo",
              ean: null,
              seoTitle: null,
              longDescription: null,
              color: null,
              mainMaterial: null,
              ingredients: null,
              allergens: null,
              critMensSocial: null,
              supplierContacted: null,
              critCircular: null,
              critTransportVehicle: null,
              critOther: null,
              status: "EDIT",
              internalRemarks: "1",
              weightGr: null,
              lengthCm: null,
              widthCm: null,
              heightCm: null,
              volumeMl: null,
              volumeGr: null,
              critTransportDistance: null,
              webshopActive: false,
              systemActive: true,
              critMensSafeWork: null,
              critMensFairWage: null,
              critDierCrueltyFree: null,
              critDierFriendly: null,
              critMilieuPackagingFree: null,
              critMilieuPlasticFree: null,
              critMilieuRecyclable: null,
              critMilieuBiodegradable: null,
              critMilieuCompostable: null,
              critHandmade: null,
              critNatural: null,
              critMilieuCarbonCompensated: null,
              customData: {
              ~~~~~~~~~~
                6d772e_1775561876801: "Leeg"
              },
          ?   id?: String | StringFieldUpdateOperationsInput,
          ?   internalArticleNumber?: String | StringFieldUpdateOperationsInput,
          ?   shortDescription?: String | NullableStringFieldUpdateOperationsInput | Null,
          ?   size?: String | NullableStringFieldUpdateOperationsInput | Null,
          ?   material?: String | NullableStringFieldUpdateOperationsInput | Null,
          ?   tags?: String | NullableStringFieldUpdateOperationsInput | Null,
          ?   webshopSlug?: String | NullableStringFieldUpdateOperationsInput | Null,
          ?   readyForImport?: String | StringFieldUpdateOperationsInput,
          ?   seoMetaDescription?: String | NullableStringFieldUpdateOperationsInput | Null,
          ?   basePrice?: Float | NullableFloatFieldUpdateOperationsInput | Null,
          ?   qualityControlStatus?: String | NullableStringFieldUpdateOperationsInput | Null,
          ?   exportStatus?: String | NullableStringFieldUpdateOperationsInput | Null,
          ?   publicationReady?: Boolean | BoolFieldUpdateOperationsInput,
          ?   internalNotes?: String | NullableStringFieldUpdateOperationsInput | Null,
          ?   createdAt?: DateTime | DateTimeFieldUpdateOperationsInput,
          ?   updatedAt?: DateTime | DateTimeFieldUpdateOperationsInput,
          ?   brand?: BrandUpdateOneWithoutProductsNestedInput,
          ?   supplier?: SupplierUpdateOneWithoutProductsNestedInput,
          ?   category?: CategoryUpdateOneWithoutProductsAsCategoryNestedInput,
          ?   subcategory?: CategoryUpdateOneWithoutProductsAsSubcategoryNestedInput,
          ?   assignedUser?: UserUpdateOneWithoutAssignedProductsNestedInput,
          ?   assignments?: ProductAssignmentUpdateManyWithoutProductNestedInput,
          ?   statusHistories?: ProductStatusHistoryUpdateManyWithoutProductNestedInput
            }
          })

Unknown argument `customData`. Available options are marked with ?.

Payload:
{
  "title": "Benecos - Lipgloss Flamingo",
  "ean": null,
  "seoTitle": null,
  "longDescription": null,
  "color": null,
  "mainMaterial": null,
  "ingredients": null,
  "allergens": null,
  "critMensSocial": null,
  "supplierContacted": null,
  "critCircular": null,
  "critTransportVehicle": null,
  "critOther": null,
  "status": "EDIT",
  "internalRemarks": "1",
  "weightGr": null,
  "lengthCm": null,
  "widthCm": null,
  "heightCm": null,
  "volumeMl": null,
  "volumeGr": null,
  "critTransportDistance": null,
  "webshopActive": false,
  "systemActive": true,
  "critMensSafeWork": null,
  "critMensFairWage": null,
  "critDierCrueltyFree": null,
  "critDierFriendly": null,
  "critMilieuPackagingFree": null,
  "critMilieuPlasticFree": null,
  "critMilieuRecyclable": null,
  "critMilieuBiodegradable": null,
  "critMilieuCompostable": null,
  "critHandmade": null,
  "critNatural": null,
  "critMilieuCarbonCompensated": null,
  "customData": {
    "6d772e_1775561876801": "Leeg"
  }
}